#-----------------------------------------------------------
# Vivado v2020.1 (64-bit)
# SW Build 2902540 on Wed May 27 19:54:49 MDT 2020
# IP Build 2902112 on Wed May 27 22:43:36 MDT 2020
# Start of session at: Wed Dec 14 03:10:27 2022
# Process ID: 5148
# Current directory: D:/DLDProject/again/project_finaledld - Copy/project_finaledld - Copy
# Command line: vivado.exe -gui_launcher_event rodinguilauncherevent8496 D:\DLDProject\again\project_finaledld - Copy\project_finaledld - Copy\project_finaledld.xpr
# Log file: D:/DLDProject/again/project_finaledld - Copy/project_finaledld - Copy/vivado.log
# Journal file: D:/DLDProject/again/project_finaledld - Copy/project_finaledld - Copy\vivado.jou
#-----------------------------------------------------------
start_gui
open_project {D:/DLDProject/again/project_finaledld - Copy/project_finaledld - Copy/project_finaledld.xpr}
INFO: [Project 1-313] Project file moved from 'Z:/project_finaledld' since last save.
Scanning sources...
Finished scanning sources
INFO: [IP_Flow 19-234] Refreshing IP repositories
INFO: [IP_Flow 19-1704] No user IP repositories specified
INFO: [IP_Flow 19-2313] Loaded Vivado IP repository 'E:/Vivado/2020.1/data/ip'.
open_project: Time (s): cpu = 00:00:17 ; elapsed = 00:00:07 . Memory (MB): peak = 1024.340 ; gain = 0.000
update_compile_order -fileset sources_1
update_compile_order -fileset sources_1
reset_run synth_1
WARNING: [Vivado 12-1017] Problems encountered:
1. Process appears to be on host 'DESKTOP-2PI6OM3' and cannot be killed from host 'DESKTOP-6VAKHAU'

